<?xml version="1.0" encoding="UTF-8"?>
<testsuite xmlns:xsi="http://www.w3.org/2001/XMLSchema-instance" xsi:noNamespaceSchemaLocation="https://maven.apache.org/surefire/maven-surefire-plugin/xsd/surefire-test-report.xsd" version="3.0.2" name="runners.TestRunner" time="359.961" tests="2" errors="0" skipped="0" failures="0">
  <properties>
[...]
</properties>
  <testcase name="runScenario[&quot;Locate and verify &quot;Civil Service Code&quot;&quot;, &quot;Verify the &quot;Civil Service Code&quot; link on the Civil Service Jobs Website&quot;](1)" classname="runners.TestRunner" time="251.658">
    <system-out><![CDATA[
Scenario: Locate and verify "Civil Service Code"                                            &amp#27;[90m# src/test/resources/features/civil_service_code.feature:3&amp#27;[0m
  &amp#27;[32mGiven &amp#27;[0m&amp#27;[32mI navigate to the Civil Service Jobs website&amp#27;[0m                                        &amp#27;[90m# stepDefinitions.SearchJobSteps.iNavigateToTheWebsite()&amp#27;[0m
CareerAvailable
  &amp#27;[32mWhen &amp#27;[0m&amp#27;[32mI select on &amp#27;[0m&amp#27;[32m&amp#27;[1m"careers available at civil service"&amp#27;[0m                                     &amp#27;[90m# stepDefinitions.SearchJobSteps.i_select_on(java.lang.String)&amp#27;[0m
  &amp#27;[32mWhen &amp#27;[0m&amp#27;[32mI locate on &amp#27;[0m&amp#27;[32m&amp#27;[1m"Working for the Civil Service"&amp#27;[0m                                          &amp#27;[90m# stepDefinitions.SearchJobSteps.i_locate_on(java.lang.String)&amp#27;[0m
CivilServiceCode
  &amp#27;[32mAnd &amp#27;[0m&amp#27;[32mI click on &amp#27;[0m&amp#27;[32m&amp#27;[1m"Civil Service Code"&amp#27;[0m                                                       &amp#27;[90m# stepDefinitions.SearchJobSteps.i_click_on(java.lang.String)&amp#27;[0m
  &amp#27;[32mThen &amp#27;[0m&amp#27;[32mI should be redirected to the &amp#27;[0m&amp#27;[32m&amp#27;[1m"Code"&amp#27;[0m&amp#27;[32m section of the Civil Service Commission website&amp#27;[0m &amp#27;[90m# stepDefinitions.SearchJobSteps.i_should_be_redirected_to_the_section_of_the_civil_service_commission_website(java.lang.String)&amp#27;[0m
]]></system-out>
    <system-err><![CDATA[[TestNG-test-Surefire test-1] INFO io.github.bonigarcia.wdm.WebDriverManager - Using chromedriver 134.0.6998.88 (resolved driver for Chrome 134)
[TestNG-test-Surefire test-1] INFO io.github.bonigarcia.wdm.WebDriverManager - Exporting webdriver.chrome.driver as C:\Users\Malene\.cache\selenium\chromedriver\win64\134.0.6998.88\chromedriver.exe
Mar 12, 2025 10:52:04 PM org.openqa.selenium.devtools.CdpVersionFinder findNearestMatch
WARNING: Unable to find an exact match for CDP version 134, returning the closest version; found: 133; Please update to a Selenium version that supports CDP version 134
]]></system-err>
  </testcase>
  <testcase name="runScenario[&quot;Select Department and Verify Job Listings&quot;, &quot;Search for a Job on Civil Service Jobs Website&quot;](2)" classname="runners.TestRunner" time="105.923">
    <system-out><![CDATA[
Scenario: Select Department and Verify Job Listings                                                          &amp#27;[90m# src/test/resources/features/search_jobs.feature:7&amp#27;[0m
  &amp#27;[32mGiven &amp#27;[0m&amp#27;[32mI navigate to the Civil Service Jobs website&amp#27;[0m                                                         &amp#27;[90m# stepDefinitions.SearchJobSteps.iNavigateToTheWebsite()&amp#27;[0m
  &amp#27;[32mWhen &amp#27;[0m&amp#27;[32mI search for &amp#27;[0m&amp#27;[32m&amp#27;[1m"Analyst"&amp#27;[0m&amp#27;[32m jobs in &amp#27;[0m&amp#27;[32m&amp#27;[1m"London"&amp#27;[0m                                                               &amp#27;[90m# stepDefinitions.SearchJobSteps.iSearchForJobs(java.lang.String,java.lang.String)&amp#27;[0m
  &amp#27;[32mWhen &amp#27;[0m&amp#27;[32mI select the department &amp#27;[0m&amp#27;[32m&amp#27;[1m"Medicines and Healthcare products Regulatory Agency"&amp#27;[0m&amp#27;[32m from the filter options&amp#27;[0m &amp#27;[90m# stepDefinitions.SearchJobSteps.i_select_the_department_from_the_filter_options(java.lang.String)&amp#27;[0m
First Job in the List =Senior QAT Analyst - Non Functional - £44,825 p.a. + benefits
  &amp#27;[32mAnd &amp#27;[0m&amp#27;[32mI select the first available job listing&amp#27;[0m                                                               &amp#27;[90m# stepDefinitions.SearchJobSteps.i_select_the_first_available_job_listing()&amp#27;[0m
Number of search results: 1
  &amp#27;[32mThen &amp#27;[0m&amp#27;[32mI should see the number of jobs available on the job listing details page&amp#27;[0m                             &amp#27;[90m# stepDefinitions.SearchJobSteps.i_should_see_the_number_of_jobs_available_on_the_job_listing_details_page()&amp#27;[0m
]]></system-out>
    <system-err><![CDATA[[TestNG-test-Surefire test-1] INFO io.github.bonigarcia.wdm.WebDriverManager - Using chromedriver 134.0.6998.88 (resolved driver for Chrome 134)
[TestNG-test-Surefire test-1] INFO io.github.bonigarcia.wdm.WebDriverManager - Exporting webdriver.chrome.driver as C:\Users\Malene\.cache\selenium\chromedriver\win64\134.0.6998.88\chromedriver.exe
Mar 12, 2025 10:54:08 PM org.openqa.selenium.devtools.CdpVersionFinder findNearestMatch
WARNING: Unable to find an exact match for CDP version 134, returning the closest version; found: 133; Please update to a Selenium version that supports CDP version 134
]]></system-err>
  </testcase>
</testsuite>