<?xml version="1.0" encoding="UTF-8"?>
<testng-results ignored="0" total="2" passed="2" failed="0" skipped="0">
  <reporter-output>
  </reporter-output>
  <suite started-at="2025-03-12T22:48:25 GMT" name="Surefire suite" finished-at="2025-03-12T22:54:23 GMT" duration-ms="358598">
    <groups>
      <group name="cucumber">
        <method signature="AbstractTestNGCucumberTests.runScenario(io.cucumber.testng.PickleWrapper,io.cucumber.testng.FeatureWrapper)[pri:0, instance:runners.TestRunner@413d1baf]" name="runScenario" class="io.cucumber.testng.AbstractTestNGCucumberTests"/>
      </group> <!-- cucumber -->
    </groups>
    <test started-at="2025-03-12T22:48:25 GMT" name="Surefire test" finished-at="2025-03-12T22:54:23 GMT" duration-ms="358598">
      <class name="runners.TestRunner">
        <test-method is-config="true" signature="setUpClass(org.testng.ITestContext)[pri:0, instance:runners.TestRunner@413d1baf]" started-at="2025-03-12T22:48:25 GMT" name="setUpClass" finished-at="2025-03-12T22:48:26 GMT" duration-ms="892" status="PASS">
          <params>
            <param index="0">
              <value>
                <![CDATA[org.testng.TestRunner@81d9a72]]>
              </value>
            </param>
          </params>
          <reporter-output>
          </reporter-output>
        </test-method> <!-- setUpClass -->
        <test-method signature="runScenario(io.cucumber.testng.PickleWrapper,io.cucumber.testng.FeatureWrapper)[pri:0, instance:runners.TestRunner@413d1baf]" started-at="2025-03-12T22:48:26 GMT" name="runScenario" description="Runs Cucumber Scenarios" data-provider="scenarios" finished-at="2025-03-12T22:52:37 GMT" duration-ms="251674" status="PASS">
          <params>
            <param index="0">
              <value>
                <![CDATA["Locate and verify "Civil Service Code""]]>
              </value>
            </param>
            <param index="1">
              <value>
                <![CDATA["Verify the "Civil Service Code" link on the Civil Service Jobs Website"]]>
              </value>
            </param>
          </params>
          <reporter-output>
          </reporter-output>
        </test-method> <!-- runScenario -->
        <test-method signature="runScenario(io.cucumber.testng.PickleWrapper,io.cucumber.testng.FeatureWrapper)[pri:0, instance:runners.TestRunner@413d1baf]" started-at="2025-03-12T22:52:37 GMT" name="runScenario" description="Runs Cucumber Scenarios" data-provider="scenarios" finished-at="2025-03-12T22:54:23 GMT" duration-ms="105954" status="PASS">
          <params>
            <param index="0">
              <value>
                <![CDATA["Select Department and Verify Job Listings"]]>
              </value>
            </param>
            <param index="1">
              <value>
                <![CDATA["Search for a Job on Civil Service Jobs Website"]]>
              </value>
            </param>
          </params>
          <reporter-output>
          </reporter-output>
        </test-method> <!-- runScenario -->
        <test-method is-config="true" signature="tearDownClass()[pri:0, instance:runners.TestRunner@413d1baf]" started-at="2025-03-12T22:54:23 GMT" name="tearDownClass" finished-at="2025-03-12T22:54:23 GMT" duration-ms="46" status="PASS">
          <reporter-output>
          </reporter-output>
        </test-method> <!-- tearDownClass -->
      </class> <!-- runners.TestRunner -->
    </test> <!-- Surefire test -->
  </suite> <!-- Surefire suite -->
</testng-results>
